<?xml version="1.0" encoding="UTF-8"?>
<!-- Generated by org.testng.reporters.JUnitXMLReporter -->
<testsuite hostname="3PIO.local" ignored="0" name="Safari Test" tests="2" failures="0" timestamp="03 Sep 2017 07:43:38 GMT" time="8.384" errors="0">
  <testcase name="@BeforeClass beforeClass" time="0.0" classname="com.mindstronghealth.demo.InvalidLogin">
    <failure type="org.openqa.selenium.ElementNotVisibleException" message="An element command could not be completed because the element is not visible on the page. (WARNING: The server did not provide any stacktrace information)
Command duration or timeout: 0 milliseconds
Build info: version: &amp;apos;3.5.3&amp;apos;, revision: &amp;apos;a88d25fe6b&amp;apos;, time: &amp;apos;2017-08-29T12:42:44.417Z&amp;apos;
System info: host: &amp;apos;3PIO.local&amp;apos;, ip: &amp;apos;2601:647:4780:3886:4598:ff62:424c:401f&amp;apos;, os.name: &amp;apos;Mac OS X&amp;apos;, os.arch: &amp;apos;x86_64&amp;apos;, os.version: &amp;apos;10.12.6&amp;apos;, java.version: &amp;apos;1.8.0_121&amp;apos;
Driver info: org.openqa.selenium.safari.SafariDriver
Capabilities [{applicationCacheEnabled=true, rotatable=false, databaseEnabled=true, handlesAlerts=true, version=12603.3.8, cleanSession=true, platform=MAC, nativeEvents=true, locationContextEnabled=false, webStorageEnabled=true, browserName=safari, javascriptEnabled=true, platformName=MAC, cssSelectorsEnabled=true}]
Session ID: FB9EA9B6-9506-49DD-9B87-0D514A2F2792">
      <![CDATA[org.openqa.selenium.ElementNotVisibleException: An element command could not be completed because the element is not visible on the page. (WARNING: The server did not provide any stacktrace information)
Command duration or timeout: 0 milliseconds
Build info: version: '3.5.3', revision: 'a88d25fe6b', time: '2017-08-29T12:42:44.417Z'
System info: host: '3PIO.local', ip: '2601:647:4780:3886:4598:ff62:424c:401f', os.name: 'Mac OS X', os.arch: 'x86_64', os.version: '10.12.6', java.version: '1.8.0_121'
Driver info: org.openqa.selenium.safari.SafariDriver
Capabilities [{applicationCacheEnabled=true, rotatable=false, databaseEnabled=true, handlesAlerts=true, version=12603.3.8, cleanSession=true, platform=MAC, nativeEvents=true, locationContextEnabled=false, webStorageEnabled=true, browserName=safari, javascriptEnabled=true, platformName=MAC, cssSelectorsEnabled=true}]
Session ID: FB9EA9B6-9506-49DD-9B87-0D514A2F2792
	at org.openqa.selenium.remote.ErrorHandler.createThrowable(ErrorHandler.java:215)
	at org.openqa.selenium.remote.ErrorHandler.throwIfResponseFailed(ErrorHandler.java:167)
	at org.openqa.selenium.remote.http.JsonHttpResponseCodec.reconstructValue(JsonHttpResponseCodec.java:40)
	at org.openqa.selenium.remote.http.AbstractHttpResponseCodec.decode(AbstractHttpResponseCodec.java:82)
	at org.openqa.selenium.remote.http.AbstractHttpResponseCodec.decode(AbstractHttpResponseCodec.java:45)
	at org.openqa.selenium.remote.HttpCommandExecutor.execute(HttpCommandExecutor.java:164)
	at org.openqa.selenium.remote.service.DriverCommandExecutor.execute(DriverCommandExecutor.java:82)
	at org.openqa.selenium.remote.RemoteWebDriver.execute(RemoteWebDriver.java:646)
	at org.openqa.selenium.remote.RemoteWebElement.execute(RemoteWebElement.java:275)
	at org.openqa.selenium.remote.RemoteWebElement.click(RemoteWebElement.java:82)
	at pages.HomePage.clickLoginLink(HomePage.java:19)
	at com.mindstronghealth.demo.InvalidLogin.beforeClass(InvalidLogin.java:77)
	at java.util.concurrent.FutureTask.run(FutureTask.java:266)
	at java.util.concurrent.ThreadPoolExecutor.runWorker(ThreadPoolExecutor.java:1142)
	at java.util.concurrent.ThreadPoolExecutor$Worker.run(ThreadPoolExecutor.java:617)
	at java.lang.Thread.run(Thread.java:745)
... Removed 20 stack frames]]>
    </failure>
  </testcase> <!-- @BeforeClass beforeClass -->
  <testcase name="@AfterClass tearDown" time="0.0" classname="com.mindstronghealth.demo.InvalidLogin">
    <skipped/>
  </testcase> <!-- @AfterClass tearDown -->
  <testcase name="emptyField" time="0.001" classname="com.mindstronghealth.demo.InvalidLogin">
    <skipped/>
  </testcase> <!-- emptyField -->
  <testcase name="unregisteredEmail" time="0.001" classname="com.mindstronghealth.demo.InvalidLogin">
    <skipped/>
  </testcase> <!-- unregisteredEmail -->
</testsuite> <!-- Safari Test -->
